════════════════════════════════════════════════════════════════════════════════
3SEQ -- Info Mode
════════════════════════════════════════════════════════════════════════════════

COMMAND:
  -i nCoVbat.pan6.fst

Number of sequences          :  68
Number of distinct sequences :  67
Number of comparisons        :  300696

Original sequence length is 30927 nt.
Using 30927 positions, from 1 to 30927 inclusive.

Number of polymorphic sites is 13936. Using only polymorphic sites:
    bi: 8527 - tri: 3678 - tetra: 1731

Number of polymorphic sites where there are no gaps :  12485/13936

Watterson's Theta            :  3302.75
Watterson's Theta (per site) :  0.106792

Min  pairwise-distance between strains :  0
Max  pairwise-distance between strains :  6955
Mean pairwise-distance between strains :  3659.24
Mean pairwise-distance per site (pi)   :  0.118319

Notes:
   AA-- and --AA are distinct but the pairwise-distance between them is zero.

════════════════════════════════════════════════════════════════════════════════


                                            ╔══════════════════════════════════╗
                                            ║ Log saved at 2020/03/02 00:01:50 ║
                                            ╚══════════════════════════════════╝

