════════════════════════════════════════════════════════════════════════════════
3SEQ -- Info Mode
════════════════════════════════════════════════════════════════════════════════

COMMAND:
  -i CR1.68seq.fa

Number of sequences          :  68
Number of distinct sequences :  65
Number of comparisons        :  300696

Original sequence length is 8061 nt.
Using 8061 positions, from 1 to 8061 inclusive.

Number of polymorphic sites is 3979. Using only polymorphic sites:
    bi: 2449 - tri: 1060 - tetra: 470

Number of polymorphic sites where there are no gaps :  3598/3979

Watterson's Theta            :  943.001
Watterson's Theta (per site) :  0.116983

Min  pairwise-distance between strains :  0
Max  pairwise-distance between strains :  2100
Mean pairwise-distance between strains :  1064.9
Mean pairwise-distance per site (pi)   :  0.132105

Notes:
   AA-- and --AA are distinct but the pairwise-distance between them is zero.

════════════════════════════════════════════════════════════════════════════════


                                            ╔══════════════════════════════════╗
                                            ║ Log saved at 2020/02/22 02:38:34 ║
                                            ╚══════════════════════════════════╝

